2024-05-23 14:00:06,266 ERROR: For 490_MA-TS_5-6_Reactant.mol valence error ignored: Explicit valence for atom # 19 C, 5, is greater than permitted
2024-05-23 14:00:06,279 ERROR:Descriptor calculation failed for 490_MA-TS_5-6_Reactant.mol: list index out of range
2024-05-23 14:00:06,770 ERROR: For 500_MA-TS_5-6_Reactant.mol valence error ignored: Explicit valence for atom # 13 C, 5, is greater than permitted
2024-05-23 14:00:06,783 ERROR:Descriptor calculation failed for 500_MA-TS_5-6_Reactant.mol: list index out of range
2024-05-23 14:00:06,784 ERROR: For 501_MA-TS_5-6_Reactant.mol valence error ignored: Explicit valence for atom # 13 C, 5, is greater than permitted
2024-05-23 14:00:06,795 ERROR:Descriptor calculation failed for 501_MA-TS_5-6_Reactant.mol: list index out of range
2024-05-23 14:00:06,796 ERROR: For 502_MA-TS_5-6_Reactant.mol valence error ignored: Explicit valence for atom # 19 C, 5, is greater than permitted
2024-05-23 14:00:06,808 ERROR:Descriptor calculation failed for 502_MA-TS_5-6_Reactant.mol: list index out of range
2024-05-23 14:00:06,808 ERROR: For 503_MA-TS_5-6_Reactant.mol valence error ignored: Explicit valence for atom # 13 C, 5, is greater than permitted
2024-05-23 14:00:06,820 ERROR:Descriptor calculation failed for 503_MA-TS_5-6_Reactant.mol: list index out of range
2024-05-23 14:00:06,821 ERROR: For 505_MA-TS_5-6_Reactant.mol valence error ignored: Explicit valence for atom # 13 C, 5, is greater than permitted
2024-05-23 14:00:06,833 ERROR:Descriptor calculation failed for 505_MA-TS_5-6_Reactant.mol: list index out of range
2024-05-23 14:51:39,408 ERROR: For 8_MA-TS_7-8.mol valence error ignored: Explicit valence for atom # 20 N, 4, is greater than permitted
2024-05-23 14:51:39,863 ERROR: For 16_MA-TS_7-8.mol valence error ignored: Explicit valence for atom # 20 N, 4, is greater than permitted
2024-05-23 14:51:40,304 ERROR: For 18_MA-TS_7-8.mol valence error ignored: Explicit valence for atom # 20 N, 4, is greater than permitted
2024-05-23 14:52:26,498 ERROR: For 490_MA-TS_5-6.mol valence error ignored: Explicit valence for atom # 19 C, 5, is greater than permitted
2024-05-23 14:52:27,730 ERROR: For 500_MA-TS_5-6.mol valence error ignored: Explicit valence for atom # 13 C, 5, is greater than permitted
2024-05-23 14:52:27,994 ERROR: For 501_MA-TS_5-6.mol valence error ignored: Explicit valence for atom # 13 C, 5, is greater than permitted
2024-05-23 14:52:28,324 ERROR: For 502_MA-TS_5-6.mol valence error ignored: Explicit valence for atom # 19 C, 5, is greater than permitted
2024-05-23 14:52:28,666 ERROR: For 503_MA-TS_5-6.mol valence error ignored: Explicit valence for atom # 13 C, 5, is greater than permitted
2024-05-23 14:52:28,998 ERROR: For 505_MA-TS_5-6.mol valence error ignored: Explicit valence for atom # 13 C, 5, is greater than permitted
2024-05-23 14:52:32,812 ERROR: For 546_MA-TS_39-40.mol valence error ignored: Explicit valence for atom # 1 C, 5, is greater than permitted
2024-05-23 14:52:43,646 ERROR: For 628_MA-TS_31-32.mol valence error ignored: Explicit valence for atom # 1 C, 5, is greater than permitted
2024-05-23 14:52:43,947 ERROR: For 638_MA-TS_37-38.mol valence error ignored: Explicit valence for atom # 1 C, 5, is greater than permitted
2024-05-23 14:52:44,597 ERROR: For 647_MA-TS_33-34.mol valence error ignored: Explicit valence for atom # 1 C, 5, is greater than permitted
2024-05-23 14:53:09,899 ERROR: For 839_MA-TS_7-8.mol valence error ignored: Explicit valence for atom # 20 N, 4, is greater than permitted
2024-05-23 14:55:03,835 ERROR: For 1781_MA-TS_2-3.mol valence error ignored: Explicit valence for atom # 15 C, 5, is greater than permitted
2024-05-23 14:55:41,120 ERROR: For 2046_MA-TS_7-8.mol valence error ignored: Explicit valence for atom # 20 N, 4, is greater than permitted
2024-05-23 14:55:41,877 ERROR: For 2053_MA-TS_4-5.mol valence error ignored: Explicit valence for atom # 17 C, 5, is greater than permitted
2024-05-23 14:55:43,345 ERROR: For 2066_MA-TS_5-6.mol valence error ignored: Explicit valence for atom # 18 C, 5, is greater than permitted
2024-05-23 14:55:43,651 ERROR: For 2068_MA-TS_4-5.mol valence error ignored: Explicit valence for atom # 17 C, 5, is greater than permitted
2024-05-23 14:55:57,678 ERROR: For 2420_MA-TS_31-32.mol valence error ignored: Explicit valence for atom # 1 C, 5, is greater than permitted
2024-05-23 14:56:08,693 ERROR: For 2508_MA-TS_36-37.mol valence error ignored: Explicit valence for atom # 1 C, 5, is greater than permitted
2024-05-23 14:56:14,178 ERROR: For 2556_MA-TS_3-4.mol valence error ignored: Explicit valence for atom # 16 C, 5, is greater than permitted
2024-05-23 14:56:14,502 ERROR: For 2559_MA-TS_2-3.mol valence error ignored: Explicit valence for atom # 15 C, 5, is greater than permitted
2024-05-23 14:56:14,843 ERROR: For 2560_MA-TS_33-34.mol valence error ignored: Explicit valence for atom # 1 C, 5, is greater than permitted
2024-05-23 14:56:15,168 ERROR: For 2561_MA-TS_2-3.mol valence error ignored: Explicit valence for atom # 15 C, 5, is greater than permitted
2024-05-23 14:57:30,864 ERROR: For 8_MA-TS_7-8.mol valence error ignored: Explicit valence for atom # 20 N, 4, is greater than permitted
2024-05-23 14:57:30,880 ERROR:Descriptor calculation failed for 8_MA-TS_7-8.mol: list index out of range
2024-05-23 14:57:30,881 ERROR: For 16_MA-TS_7-8.mol valence error ignored: Explicit valence for atom # 20 N, 4, is greater than permitted
2024-05-23 14:57:30,893 ERROR:Descriptor calculation failed for 16_MA-TS_7-8.mol: list index out of range
2024-05-23 14:57:30,894 ERROR: For 18_MA-TS_7-8.mol valence error ignored: Explicit valence for atom # 20 N, 4, is greater than permitted
2024-05-23 14:57:30,906 ERROR:Descriptor calculation failed for 18_MA-TS_7-8.mol: list index out of range
2024-05-23 14:57:59,273 ERROR: For 490_MA-TS_5-6.mol valence error ignored: Explicit valence for atom # 19 C, 5, is greater than permitted
2024-05-23 14:57:59,286 ERROR:Descriptor calculation failed for 490_MA-TS_5-6.mol: list index out of range
2024-05-23 14:58:00,042 ERROR: For 500_MA-TS_5-6.mol valence error ignored: Explicit valence for atom # 13 C, 5, is greater than permitted
2024-05-23 14:58:00,054 ERROR:Descriptor calculation failed for 500_MA-TS_5-6.mol: list index out of range
2024-05-23 14:58:00,055 ERROR: For 501_MA-TS_5-6.mol valence error ignored: Explicit valence for atom # 13 C, 5, is greater than permitted
2024-05-23 14:58:00,067 ERROR:Descriptor calculation failed for 501_MA-TS_5-6.mol: list index out of range
2024-05-23 14:58:00,067 ERROR: For 502_MA-TS_5-6.mol valence error ignored: Explicit valence for atom # 19 C, 5, is greater than permitted
2024-05-23 14:58:00,080 ERROR:Descriptor calculation failed for 502_MA-TS_5-6.mol: list index out of range
2024-05-23 14:58:00,080 ERROR: For 503_MA-TS_5-6.mol valence error ignored: Explicit valence for atom # 13 C, 5, is greater than permitted
2024-05-23 14:58:00,092 ERROR:Descriptor calculation failed for 503_MA-TS_5-6.mol: list index out of range
2024-05-23 14:58:00,093 ERROR: For 505_MA-TS_5-6.mol valence error ignored: Explicit valence for atom # 13 C, 5, is greater than permitted
2024-05-23 14:58:00,106 ERROR:Descriptor calculation failed for 505_MA-TS_5-6.mol: list index out of range
2024-05-23 14:58:02,322 ERROR: For 546_MA-TS_39-40.mol valence error ignored: Explicit valence for atom # 1 C, 5, is greater than permitted
2024-05-23 14:58:02,334 ERROR:Descriptor calculation failed for 546_MA-TS_39-40.mol: list index out of range
2024-05-23 14:58:09,081 ERROR: For 628_MA-TS_31-32.mol valence error ignored: Explicit valence for atom # 1 C, 5, is greater than permitted
2024-05-23 14:58:09,093 ERROR:Descriptor calculation failed for 628_MA-TS_31-32.mol: list index out of range
2024-05-23 14:58:09,094 ERROR: For 638_MA-TS_37-38.mol valence error ignored: Explicit valence for atom # 1 C, 5, is greater than permitted
2024-05-23 14:58:09,106 ERROR:Descriptor calculation failed for 638_MA-TS_37-38.mol: list index out of range
2024-05-23 14:58:09,288 ERROR: For 647_MA-TS_33-34.mol valence error ignored: Explicit valence for atom # 1 C, 5, is greater than permitted
2024-05-23 14:58:09,300 ERROR:Descriptor calculation failed for 647_MA-TS_33-34.mol: list index out of range
2024-05-23 14:58:25,653 ERROR: For 839_MA-TS_7-8.mol valence error ignored: Explicit valence for atom # 20 N, 4, is greater than permitted
2024-05-23 14:58:25,665 ERROR:Descriptor calculation failed for 839_MA-TS_7-8.mol: list index out of range
2024-05-23 14:59:44,089 ERROR: For 1781_MA-TS_2-3.mol valence error ignored: Explicit valence for atom # 15 C, 5, is greater than permitted
2024-05-23 14:59:44,101 ERROR:Descriptor calculation failed for 1781_MA-TS_2-3.mol: list index out of range
2024-05-23 15:00:09,299 ERROR: For 2046_MA-TS_7-8.mol valence error ignored: Explicit valence for atom # 20 N, 4, is greater than permitted
2024-05-23 15:00:09,311 ERROR:Descriptor calculation failed for 2046_MA-TS_7-8.mol: list index out of range
2024-05-23 15:00:09,483 ERROR: For 2053_MA-TS_4-5.mol valence error ignored: Explicit valence for atom # 17 C, 5, is greater than permitted
2024-05-23 15:00:09,496 ERROR:Descriptor calculation failed for 2053_MA-TS_4-5.mol: list index out of range
2024-05-23 15:00:10,105 ERROR: For 2066_MA-TS_5-6.mol valence error ignored: Explicit valence for atom # 18 C, 5, is greater than permitted
2024-05-23 15:00:10,118 ERROR:Descriptor calculation failed for 2066_MA-TS_5-6.mol: list index out of range
2024-05-23 15:00:10,119 ERROR: For 2068_MA-TS_4-5.mol valence error ignored: Explicit valence for atom # 17 C, 5, is greater than permitted
2024-05-23 15:00:10,131 ERROR:Descriptor calculation failed for 2068_MA-TS_4-5.mol: list index out of range
2024-05-23 15:00:19,470 ERROR: For 2420_MA-TS_31-32.mol valence error ignored: Explicit valence for atom # 1 C, 5, is greater than permitted
2024-05-23 15:00:19,482 ERROR:Descriptor calculation failed for 2420_MA-TS_31-32.mol: list index out of range
2024-05-23 15:00:26,739 ERROR: For 2508_MA-TS_36-37.mol valence error ignored: Explicit valence for atom # 1 C, 5, is greater than permitted
2024-05-23 15:00:26,752 ERROR:Descriptor calculation failed for 2508_MA-TS_36-37.mol: list index out of range
2024-05-23 15:00:29,609 ERROR: For 2556_MA-TS_3-4.mol valence error ignored: Explicit valence for atom # 16 C, 5, is greater than permitted
2024-05-23 15:00:29,621 ERROR:Descriptor calculation failed for 2556_MA-TS_3-4.mol: list index out of range
2024-05-23 15:00:29,622 ERROR: For 2559_MA-TS_2-3.mol valence error ignored: Explicit valence for atom # 15 C, 5, is greater than permitted
2024-05-23 15:00:29,634 ERROR:Descriptor calculation failed for 2559_MA-TS_2-3.mol: list index out of range
2024-05-23 15:00:29,634 ERROR: For 2560_MA-TS_33-34.mol valence error ignored: Explicit valence for atom # 1 C, 5, is greater than permitted
2024-05-23 15:00:29,646 ERROR:Descriptor calculation failed for 2560_MA-TS_33-34.mol: list index out of range
2024-05-23 15:00:29,647 ERROR: For 2561_MA-TS_2-3.mol valence error ignored: Explicit valence for atom # 15 C, 5, is greater than permitted
2024-05-23 15:00:29,658 ERROR:Descriptor calculation failed for 2561_MA-TS_2-3.mol: list index out of range
