Starting GridSearchCV for ElasticNet...
GridSearchCV complete for ElasticNet.
Best parameters: {'alpha': 0.1, 'l1_ratio': 1, 'selection': 'random'}
Best cross-validation score (MAE): 3.679321670526787
ElasticNet Model Performance:
Train set: R2= 0.5310253430366259, MAE = 3.628589177502027, RMSE = 4.602666079051446
Test set: R2 = 0.4630496812884044, MAE = 3.6004673977945205, RMSE = 4.582491557381443
Starting GridSearchCV for RandomForestRegressor...
GridSearchCV complete for RandomForestRegressor.
Best parameters: {'max_depth': 10, 'min_samples_leaf': 2, 'min_samples_split': 10}
Best cross-validation score (MAE): 3.310588490143437
RandomForestRegressor Model Performance:
Train set: R2= 0.8670496862616999, MAE = 1.8836800121259587, RMSE = 2.450639697333343
Test set: R2 = 0.5686721275029624, MAE = 3.105262314856985, RMSE = 4.107129370230521
Starting GridSearchCV for GradientBoostingRegressor...
GridSearchCV complete for GradientBoostingRegressor.
Best parameters: {'learning_rate': 0.1, 'max_depth': 3, 'min_samples_leaf': 4, 'min_samples_split': 10}
Best cross-validation score (MAE): 3.2749883655516165
GradientBoostingRegressor Model Performance:
Train set: R2= 0.8493239334789628, MAE = 2.0439497928580637, RMSE = 2.6088969082772038
Test set: R2 = 0.5400107654741524, MAE = 3.176887638940107, RMSE = 4.241392412214504
Starting GridSearchCV for SVR...
GridSearchCV complete for SVR.
Best parameters: {'C': 5, 'coef0': 0, 'degree': 2, 'epsilon': 0, 'gamma': 'auto', 'kernel': 'rbf'}
Best cross-validation score (MAE): 3.339724674120943
SVR Model Performance:
Train set: R2= 0.712638750903307, MAE = 2.487497554963526, RMSE = 3.602872408718577
Test set: R2 = 0.515582715881341, MAE = 3.1938659249056403, RMSE = 4.3525566918932945
Starting GridSearchCV for GaussianProcessRegressor...
GridSearchCV complete for GaussianProcessRegressor.
Best parameters: {'alpha': 10, 'kernel': 1**2 * RationalQuadratic(alpha=0.1, length_scale=1)}
Best cross-validation score (MAE): 3.23150822731687
GaussianProcessRegressor Model Performance:
Train set: R2= 0.8555434104371311, MAE = 1.946103322311748, RMSE = 2.5544856053546683
Test set: R2 = 0.5633253463466119, MAE = 3.101577305223809, RMSE = 4.132507148442215
Starting GridSearchCV for XGBRegressor...
GridSearchCV complete for XGBRegressor.
Best parameters: {'colsample_bytree': 0.75, 'learning_rate': 0.1, 'max_depth': 3, 'min_child_weight': 5, 'subsample': 0.75}
Best cross-validation score (MAE): 3.2259681155300783
XGBRegressor Model Performance:
Train set: R2= 0.8267223843691223, MAE = 2.191384040283009, RMSE = 2.7977313710542497
Test set: R2 = 0.5718695781649816, MAE = 3.051545286077134, RMSE = 4.0918778960771185
